<?xml version="1.0" encoding="UTF-8"?>
<testng-results ignored="0" total="2" passed="2" failed="0" skipped="0">
  <reporter-output>
  </reporter-output>
  <suite started-at="2022-02-02T11:21:23 IST" name="All Test Suite" finished-at="2022-02-02T11:21:30 IST" duration-ms="6657">
    <groups>
    </groups>
    <test started-at="2022-02-02T11:21:23 IST" name="Regression" finished-at="2022-02-02T11:21:30 IST" duration-ms="6657">
      <class name="tests.SignUpScenario">
        <test-method is-config="true" signature="openBrowser()[pri:0, instance:tests.SignUpScenario@5ccddd20]" started-at="2022-02-02T11:21:17 IST" name="openBrowser" finished-at="2022-02-02T11:21:23 IST" duration-ms="6298" status="PASS">
          <reporter-output>
          </reporter-output>
        </test-method> <!-- openBrowser -->
        <test-method is-config="true" signature="beforeLog()[pri:0, instance:tests.SignUpScenario@5ccddd20]" started-at="2022-02-02T11:21:23 IST" name="beforeLog" finished-at="2022-02-02T11:21:23 IST" duration-ms="1" status="PASS">
          <reporter-output>
          </reporter-output>
        </test-method> <!-- beforeLog -->
        <test-method signature="verifySignUpUser()[pri:0, instance:tests.SignUpScenario@5ccddd20]" started-at="2022-02-02T11:21:23 IST" name="verifySignUpUser" finished-at="2022-02-02T11:21:27 IST" duration-ms="3254" status="PASS">
          <reporter-output>
          </reporter-output>
        </test-method> <!-- verifySignUpUser -->
        <test-method signature="verifySignUpwithUsedUsername()[pri:0, instance:tests.SignUpScenario@5ccddd20]" started-at="2022-02-02T11:21:27 IST" name="verifySignUpwithUsedUsername" finished-at="2022-02-02T11:21:30 IST" duration-ms="3387" status="PASS">
          <reporter-output>
          </reporter-output>
        </test-method> <!-- verifySignUpwithUsedUsername -->
        <test-method is-config="true" signature="AfterLog()[pri:0, instance:tests.SignUpScenario@5ccddd20]" started-at="2022-02-02T11:21:30 IST" name="AfterLog" finished-at="2022-02-02T11:21:30 IST" duration-ms="1" status="PASS">
          <reporter-output>
          </reporter-output>
        </test-method> <!-- AfterLog -->
        <test-method is-config="true" signature="closeBrowser()[pri:0, instance:tests.SignUpScenario@5ccddd20]" started-at="2022-02-02T11:21:30 IST" name="closeBrowser" finished-at="2022-02-02T11:21:31 IST" duration-ms="1198" status="PASS">
          <reporter-output>
          </reporter-output>
        </test-method> <!-- closeBrowser -->
      </class> <!-- tests.SignUpScenario -->
    </test> <!-- Regression -->
  </suite> <!-- All Test Suite -->
</testng-results>
